Running: C:\Xilinx\14.7\ISE_DS\ISE\bin\nt64\unwrapped\fuse.exe -intstyle ise -incremental -o D:/cpu9/Main_isim_beh.exe -prj D:/cpu9/Main_beh.prj work.Main 
ISim P.20131013 (signature 0x7708f090)
Number of CPUs detected in this system: 4
Turning on mult-threading, number of parallel sub-compilation jobs: 8 
Determining compilation order of HDL files
Parsing VHDL file "D:/cpu9/regFile.vhd" into library work
Parsing VHDL file "D:/cpu9/instructionMemory.vhd" into library work
Parsing VHDL file "D:/cpu9/dataMemory.vhd" into library work
Parsing VHDL file "D:/cpu9/controller.vhd" into library work
Parsing VHDL file "D:/cpu9/ALU.vhd" into library work
Parsing VHDL file "D:/cpu9/Main.vhd" into library work
Starting static elaboration
Completed static elaboration
Compiling package standard
Compiling package std_logic_1164
Compiling package numeric_std
Compiling package textio
Compiling package std_logic_textio
Compiling architecture behavioral of entity instructionMemory [instructionmemory_default]
Compiling architecture behavioral of entity controller [controller_default]
Compiling architecture behavioral of entity regFile [regfile_default]
Compiling architecture behavioral of entity ALU [alu_default]
Compiling architecture behavioral of entity dataMemory [datamemory_default]
Compiling architecture testmain of entity main
Time Resolution for simulation is 1ps.
Waiting for 3 sub-compilation(s) to finish...
Compiled 16 VHDL Units
Built simulation executable D:/cpu9/Main_isim_beh.exe
Fuse Memory Usage: 36240 KB
Fuse CPU Usage: 530 ms
