ISim log file
Running: D:\cpu9\Main_isim_beh.exe -intstyle ise -gui -tclbatch isim.cmd -wdb D:/cpu9/Main_isim_beh.wdb 
ISim P.20131013 (signature 0x7708f090)
This is a Full version of ISim.
Time resolution is 1 ps
# onerror resume
# wave add /
# run 1000 ns
Simulator is doing circuit initialization process.
at 0 ps, Instance /main/RF/ : Warning: NUMERIC_STD.TO_INTEGER: metavalue detected, returning 0
at 0 ps, Instance /main/RF/ : Warning: NUMERIC_STD.TO_INTEGER: metavalue detected, returning 0
Finished circuit initialization process.
at 1 ns(1), Instance /main/RF/ : Warning: NUMERIC_STD.TO_INTEGER: metavalue detected, returning 0
at 52 ns(1), Instance /main/RF/ : Warning: NUMERIC_STD.TO_INTEGER: metavalue detected, returning 0
at 54 ns, Instance /main/ALU/ : Warning: NUMERIC_STD.TO_INTEGER: metavalue detected, returning 0
at 57 ns, Instance /main/ALU/ : Warning: NUMERIC_STD.TO_INTEGER: metavalue detected, returning 0
at 60 ns, Instance /main/ALU/ : Warning: NUMERIC_STD.TO_INTEGER: metavalue detected, returning 0
at 63 ns, Instance /main/ALU/ : Warning: NUMERIC_STD.TO_INTEGER: metavalue detected, returning 0
at 66 ns, Instance /main/ALU/ : Warning: NUMERIC_STD.TO_INTEGER: metavalue detected, returning 0
at 69 ns, Instance /main/ALU/ : Warning: NUMERIC_STD.TO_INTEGER: metavalue detected, returning 0
at 72 ns, Instance /main/ALU/ : Warning: NUMERIC_STD.TO_INTEGER: metavalue detected, returning 0
at 75 ns, Instance /main/ALU/ : Warning: NUMERIC_STD.TO_INTEGER: metavalue detected, returning 0
at 78 ns, Instance /main/ALU/ : Warning: NUMERIC_STD.TO_INTEGER: metavalue detected, returning 0
at 81 ns, Instance /main/ALU/ : Warning: NUMERIC_STD.TO_INTEGER: metavalue detected, returning 0
at 84 ns, Instance /main/ALU/ : Warning: NUMERIC_STD.TO_INTEGER: metavalue detected, returning 0
at 87 ns, Instance /main/ALU/ : Warning: NUMERIC_STD.TO_INTEGER: metavalue detected, returning 0
at 90 ns, Instance /main/ALU/ : Warning: NUMERIC_STD.TO_INTEGER: metavalue detected, returning 0
at 93 ns, Instance /main/ALU/ : Warning: NUMERIC_STD.TO_INTEGER: metavalue detected, returning 0
at 96 ns, Instance /main/ALU/ : Warning: NUMERIC_STD.TO_INTEGER: metavalue detected, returning 0
at 99 ns, Instance /main/ALU/ : Warning: NUMERIC_STD.TO_INTEGER: metavalue detected, returning 0
at 102 ns, Instance /main/ALU/ : Warning: NUMERIC_STD.TO_INTEGER: metavalue detected, returning 0
at 105 ns, Instance /main/ALU/ : Warning: NUMERIC_STD.TO_INTEGER: metavalue detected, returning 0
at 108 ns, Instance /main/ALU/ : Warning: NUMERIC_STD.TO_INTEGER: metavalue detected, returning 0
at 111 ns, Instance /main/ALU/ : Warning: NUMERIC_STD.TO_INTEGER: metavalue detected, returning 0
at 114 ns, Instance /main/ALU/ : Warning: NUMERIC_STD.TO_INTEGER: metavalue detected, returning 0
at 117 ns, Instance /main/ALU/ : Warning: NUMERIC_STD.TO_INTEGER: metavalue detected, returning 0
at 120 ns, Instance /main/ALU/ : Warning: NUMERIC_STD.TO_INTEGER: metavalue detected, returning 0
at 123 ns, Instance /main/ALU/ : Warning: NUMERIC_STD.TO_INTEGER: metavalue detected, returning 0
at 126 ns, Instance /main/ALU/ : Warning: NUMERIC_STD.TO_INTEGER: metavalue detected, returning 0
at 129 ns, Instance /main/ALU/ : Warning: NUMERIC_STD.TO_INTEGER: metavalue detected, returning 0
at 132 ns, Instance /main/ALU/ : Warning: NUMERIC_STD.TO_INTEGER: metavalue detected, returning 0
at 135 ns, Instance /main/ALU/ : Warning: NUMERIC_STD.TO_INTEGER: metavalue detected, returning 0
at 138 ns, Instance /main/ALU/ : Warning: NUMERIC_STD.TO_INTEGER: metavalue detected, returning 0
at 141 ns, Instance /main/ALU/ : Warning: NUMERIC_STD.TO_INTEGER: metavalue detected, returning 0
at 144 ns, Instance /main/ALU/ : Warning: NUMERIC_STD.TO_INTEGER: metavalue detected, returning 0
at 147 ns, Instance /main/ALU/ : Warning: NUMERIC_STD.TO_INTEGER: metavalue detected, returning 0
at 150 ns, Instance /main/ALU/ : Warning: NUMERIC_STD.TO_INTEGER: metavalue detected, returning 0
at 153 ns, Instance /main/ALU/ : Warning: NUMERIC_STD.TO_INTEGER: metavalue detected, returning 0
at 156 ns, Instance /main/ALU/ : Warning: NUMERIC_STD.TO_INTEGER: metavalue detected, returning 0
at 159 ns, Instance /main/ALU/ : Warning: NUMERIC_STD.TO_INTEGER: metavalue detected, returning 0
at 162 ns, Instance /main/ALU/ : Warning: NUMERIC_STD.TO_INTEGER: metavalue detected, returning 0
at 165 ns, Instance /main/ALU/ : Warning: NUMERIC_STD.TO_INTEGER: metavalue detected, returning 0
at 168 ns, Instance /main/ALU/ : Warning: NUMERIC_STD.TO_INTEGER: metavalue detected, returning 0
at 171 ns, Instance /main/ALU/ : Warning: NUMERIC_STD.TO_INTEGER: metavalue detected, returning 0
at 174 ns, Instance /main/ALU/ : Warning: NUMERIC_STD.TO_INTEGER: metavalue detected, returning 0
at 177 ns, Instance /main/ALU/ : Warning: NUMERIC_STD.TO_INTEGER: metavalue detected, returning 0
at 180 ns, Instance /main/ALU/ : Warning: NUMERIC_STD.TO_INTEGER: metavalue detected, returning 0
at 183 ns, Instance /main/ALU/ : Warning: NUMERIC_STD.TO_INTEGER: metavalue detected, returning 0
at 186 ns, Instance /main/ALU/ : Warning: NUMERIC_STD.TO_INTEGER: metavalue detected, returning 0
at 189 ns, Instance /main/ALU/ : Warning: NUMERIC_STD.TO_INTEGER: metavalue detected, returning 0
at 192 ns, Instance /main/ALU/ : Warning: NUMERIC_STD.TO_INTEGER: metavalue detected, returning 0
at 195 ns, Instance /main/ALU/ : Warning: NUMERIC_STD.TO_INTEGER: metavalue detected, returning 0
at 198 ns, Instance /main/ALU/ : Warning: NUMERIC_STD.TO_INTEGER: metavalue detected, returning 0
at 201 ns, Instance /main/ALU/ : Warning: NUMERIC_STD.TO_INTEGER: metavalue detected, returning 0
at 204 ns, Instance /main/ALU/ : Warning: NUMERIC_STD.TO_INTEGER: metavalue detected, returning 0
at 207 ns, Instance /main/ALU/ : Warning: NUMERIC_STD.TO_INTEGER: metavalue detected, returning 0
at 210 ns, Instance /main/ALU/ : Warning: NUMERIC_STD.TO_INTEGER: metavalue detected, returning 0
at 213 ns, Instance /main/ALU/ : Warning: NUMERIC_STD.TO_INTEGER: metavalue detected, returning 0
at 216 ns, Instance /main/ALU/ : Warning: NUMERIC_STD.TO_INTEGER: metavalue detected, returning 0
at 219 ns, Instance /main/ALU/ : Warning: NUMERIC_STD.TO_INTEGER: metavalue detected, returning 0
at 222 ns, Instance /main/ALU/ : Warning: NUMERIC_STD.TO_INTEGER: metavalue detected, returning 0
at 225 ns, Instance /main/ALU/ : Warning: NUMERIC_STD.TO_INTEGER: metavalue detected, returning 0
at 228 ns, Instance /main/ALU/ : Warning: NUMERIC_STD.TO_INTEGER: metavalue detected, returning 0
at 231 ns, Instance /main/ALU/ : Warning: NUMERIC_STD.TO_INTEGER: metavalue detected, returning 0
at 234 ns, Instance /main/ALU/ : Warning: NUMERIC_STD.TO_INTEGER: metavalue detected, returning 0
at 237 ns, Instance /main/ALU/ : Warning: NUMERIC_STD.TO_INTEGER: metavalue detected, returning 0
at 240 ns, Instance /main/ALU/ : Warning: NUMERIC_STD.TO_INTEGER: metavalue detected, returning 0
at 243 ns, Instance /main/ALU/ : Warning: NUMERIC_STD.TO_INTEGER: metavalue detected, returning 0
at 246 ns, Instance /main/ALU/ : Warning: NUMERIC_STD.TO_INTEGER: metavalue detected, returning 0
at 249 ns, Instance /main/ALU/ : Warning: NUMERIC_STD.TO_INTEGER: metavalue detected, returning 0
at 252 ns, Instance /main/ALU/ : Warning: NUMERIC_STD.TO_INTEGER: metavalue detected, returning 0
at 255 ns, Instance /main/ALU/ : Warning: NUMERIC_STD.TO_INTEGER: metavalue detected, returning 0
at 258 ns, Instance /main/ALU/ : Warning: NUMERIC_STD.TO_INTEGER: metavalue detected, returning 0
at 261 ns, Instance /main/ALU/ : Warning: NUMERIC_STD.TO_INTEGER: metavalue detected, returning 0
at 264 ns, Instance /main/ALU/ : Warning: NUMERIC_STD.TO_INTEGER: metavalue detected, returning 0
at 267 ns, Instance /main/ALU/ : Warning: NUMERIC_STD.TO_INTEGER: metavalue detected, returning 0
at 270 ns, Instance /main/ALU/ : Warning: NUMERIC_STD.TO_INTEGER: metavalue detected, returning 0
at 273 ns, Instance /main/ALU/ : Warning: NUMERIC_STD.TO_INTEGER: metavalue detected, returning 0
at 276 ns, Instance /main/ALU/ : Warning: NUMERIC_STD.TO_INTEGER: metavalue detected, returning 0
at 279 ns, Instance /main/ALU/ : Warning: NUMERIC_STD.TO_INTEGER: metavalue detected, returning 0
at 282 ns, Instance /main/ALU/ : Warning: NUMERIC_STD.TO_INTEGER: metavalue detected, returning 0
at 285 ns, Instance /main/ALU/ : Warning: NUMERIC_STD.TO_INTEGER: metavalue detected, returning 0
at 288 ns, Instance /main/ALU/ : Warning: NUMERIC_STD.TO_INTEGER: metavalue detected, returning 0
at 291 ns, Instance /main/ALU/ : Warning: NUMERIC_STD.TO_INTEGER: metavalue detected, returning 0
at 294 ns, Instance /main/ALU/ : Warning: NUMERIC_STD.TO_INTEGER: metavalue detected, returning 0
at 297 ns, Instance /main/ALU/ : Warning: NUMERIC_STD.TO_INTEGER: metavalue detected, returning 0
at 300 ns, Instance /main/ALU/ : Warning: NUMERIC_STD.TO_INTEGER: metavalue detected, returning 0
at 303 ns, Instance /main/ALU/ : Warning: NUMERIC_STD.TO_INTEGER: metavalue detected, returning 0
at 306 ns, Instance /main/ALU/ : Warning: NUMERIC_STD.TO_INTEGER: metavalue detected, returning 0
at 309 ns, Instance /main/ALU/ : Warning: NUMERIC_STD.TO_INTEGER: metavalue detected, returning 0
at 312 ns, Instance /main/ALU/ : Warning: NUMERIC_STD.TO_INTEGER: metavalue detected, returning 0
at 315 ns, Instance /main/ALU/ : Warning: NUMERIC_STD.TO_INTEGER: metavalue detected, returning 0
at 318 ns, Instance /main/ALU/ : Warning: NUMERIC_STD.TO_INTEGER: metavalue detected, returning 0
at 321 ns, Instance /main/ALU/ : Warning: NUMERIC_STD.TO_INTEGER: metavalue detected, returning 0
at 324 ns, Instance /main/ALU/ : Warning: NUMERIC_STD.TO_INTEGER: metavalue detected, returning 0
at 327 ns, Instance /main/ALU/ : Warning: NUMERIC_STD.TO_INTEGER: metavalue detected, returning 0
at 330 ns, Instance /main/ALU/ : Warning: NUMERIC_STD.TO_INTEGER: metavalue detected, returning 0
at 333 ns, Instance /main/ALU/ : Warning: NUMERIC_STD.TO_INTEGER: metavalue detected, returning 0
at 336 ns, Instance /main/ALU/ : Warning: NUMERIC_STD.TO_INTEGER: metavalue detected, returning 0
at 339 ns, Instance /main/ALU/ : Warning: NUMERIC_STD.TO_INTEGER: metavalue detected, returning 0
at 342 ns, Instance /main/ALU/ : Warning: NUMERIC_STD.TO_INTEGER: metavalue detected, returning 0
at 345 ns, Instance /main/ALU/ : Warning: NUMERIC_STD.TO_INTEGER: metavalue detected, returning 0
at 348 ns, Instance /main/ALU/ : Warning: NUMERIC_STD.TO_INTEGER: metavalue detected, returning 0
at 351 ns, Instance /main/ALU/ : Warning: NUMERIC_STD.TO_INTEGER: metavalue detected, returning 0
at 354 ns, Instance /main/ALU/ : Warning: NUMERIC_STD.TO_INTEGER: metavalue detected, returning 0
at 357 ns, Instance /main/ALU/ : Warning: NUMERIC_STD.TO_INTEGER: metavalue detected, returning 0
at 360 ns, Instance /main/ALU/ : Warning: NUMERIC_STD.TO_INTEGER: metavalue detected, returning 0
at 363 ns, Instance /main/ALU/ : Warning: NUMERIC_STD.TO_INTEGER: metavalue detected, returning 0
at 366 ns, Instance /main/ALU/ : Warning: NUMERIC_STD.TO_INTEGER: metavalue detected, returning 0
at 369 ns, Instance /main/ALU/ : Warning: NUMERIC_STD.TO_INTEGER: metavalue detected, returning 0
at 372 ns, Instance /main/ALU/ : Warning: NUMERIC_STD.TO_INTEGER: metavalue detected, returning 0
at 375 ns, Instance /main/ALU/ : Warning: NUMERIC_STD.TO_INTEGER: metavalue detected, returning 0
at 378 ns, Instance /main/ALU/ : Warning: NUMERIC_STD.TO_INTEGER: metavalue detected, returning 0
at 381 ns, Instance /main/ALU/ : Warning: NUMERIC_STD.TO_INTEGER: metavalue detected, returning 0
at 384 ns, Instance /main/ALU/ : Warning: NUMERIC_STD.TO_INTEGER: metavalue detected, returning 0
at 387 ns, Instance /main/ALU/ : Warning: NUMERIC_STD.TO_INTEGER: metavalue detected, returning 0
at 390 ns, Instance /main/ALU/ : Warning: NUMERIC_STD.TO_INTEGER: metavalue detected, returning 0
at 393 ns, Instance /main/ALU/ : Warning: NUMERIC_STD.TO_INTEGER: metavalue detected, returning 0
at 396 ns, Instance /main/ALU/ : Warning: NUMERIC_STD.TO_INTEGER: metavalue detected, returning 0
at 399 ns, Instance /main/ALU/ : Warning: NUMERIC_STD.TO_INTEGER: metavalue detected, returning 0
at 402 ns, Instance /main/ALU/ : Warning: NUMERIC_STD.TO_INTEGER: metavalue detected, returning 0
at 405 ns, Instance /main/ALU/ : Warning: NUMERIC_STD.TO_INTEGER: metavalue detected, returning 0
at 408 ns, Instance /main/ALU/ : Warning: NUMERIC_STD.TO_INTEGER: metavalue detected, returning 0
at 411 ns, Instance /main/ALU/ : Warning: NUMERIC_STD.TO_INTEGER: metavalue detected, returning 0
at 414 ns, Instance /main/ALU/ : Warning: NUMERIC_STD.TO_INTEGER: metavalue detected, returning 0
at 417 ns, Instance /main/ALU/ : Warning: NUMERIC_STD.TO_INTEGER: metavalue detected, returning 0
at 420 ns, Instance /main/ALU/ : Warning: NUMERIC_STD.TO_INTEGER: metavalue detected, returning 0
at 423 ns, Instance /main/ALU/ : Warning: NUMERIC_STD.TO_INTEGER: metavalue detected, returning 0
at 426 ns, Instance /main/ALU/ : Warning: NUMERIC_STD.TO_INTEGER: metavalue detected, returning 0
at 429 ns, Instance /main/ALU/ : Warning: NUMERIC_STD.TO_INTEGER: metavalue detected, returning 0
at 432 ns, Instance /main/ALU/ : Warning: NUMERIC_STD.TO_INTEGER: metavalue detected, returning 0
at 435 ns, Instance /main/ALU/ : Warning: NUMERIC_STD.TO_INTEGER: metavalue detected, returning 0
at 438 ns, Instance /main/ALU/ : Warning: NUMERIC_STD.TO_INTEGER: metavalue detected, returning 0
at 441 ns, Instance /main/ALU/ : Warning: NUMERIC_STD.TO_INTEGER: metavalue detected, returning 0
at 444 ns, Instance /main/ALU/ : Warning: NUMERIC_STD.TO_INTEGER: metavalue detected, returning 0
at 447 ns, Instance /main/ALU/ : Warning: NUMERIC_STD.TO_INTEGER: metavalue detected, returning 0
at 450 ns, Instance /main/ALU/ : Warning: NUMERIC_STD.TO_INTEGER: metavalue detected, returning 0
at 453 ns, Instance /main/ALU/ : Warning: NUMERIC_STD.TO_INTEGER: metavalue detected, returning 0
at 456 ns, Instance /main/ALU/ : Warning: NUMERIC_STD.TO_INTEGER: metavalue detected, returning 0
at 459 ns, Instance /main/ALU/ : Warning: NUMERIC_STD.TO_INTEGER: metavalue detected, returning 0
at 462 ns, Instance /main/ALU/ : Warning: NUMERIC_STD.TO_INTEGER: metavalue detected, returning 0
at 465 ns, Instance /main/ALU/ : Warning: NUMERIC_STD.TO_INTEGER: metavalue detected, returning 0
at 468 ns, Instance /main/ALU/ : Warning: NUMERIC_STD.TO_INTEGER: metavalue detected, returning 0
at 471 ns, Instance /main/ALU/ : Warning: NUMERIC_STD.TO_INTEGER: metavalue detected, returning 0
at 474 ns, Instance /main/ALU/ : Warning: NUMERIC_STD.TO_INTEGER: metavalue detected, returning 0
at 477 ns, Instance /main/ALU/ : Warning: NUMERIC_STD.TO_INTEGER: metavalue detected, returning 0
at 480 ns, Instance /main/ALU/ : Warning: NUMERIC_STD.TO_INTEGER: metavalue detected, returning 0
at 483 ns, Instance /main/ALU/ : Warning: NUMERIC_STD.TO_INTEGER: metavalue detected, returning 0
at 486 ns, Instance /main/ALU/ : Warning: NUMERIC_STD.TO_INTEGER: metavalue detected, returning 0
at 489 ns, Instance /main/ALU/ : Warning: NUMERIC_STD.TO_INTEGER: metavalue detected, returning 0
at 492 ns, Instance /main/ALU/ : Warning: NUMERIC_STD.TO_INTEGER: metavalue detected, returning 0
at 495 ns, Instance /main/ALU/ : Warning: NUMERIC_STD.TO_INTEGER: metavalue detected, returning 0
at 498 ns, Instance /main/ALU/ : Warning: NUMERIC_STD.TO_INTEGER: metavalue detected, returning 0
at 501 ns, Instance /main/ALU/ : Warning: NUMERIC_STD.TO_INTEGER: metavalue detected, returning 0
at 504 ns, Instance /main/ALU/ : Warning: NUMERIC_STD.TO_INTEGER: metavalue detected, returning 0
at 507 ns, Instance /main/ALU/ : Warning: NUMERIC_STD.TO_INTEGER: metavalue detected, returning 0
at 510 ns, Instance /main/ALU/ : Warning: NUMERIC_STD.TO_INTEGER: metavalue detected, returning 0
at 513 ns, Instance /main/ALU/ : Warning: NUMERIC_STD.TO_INTEGER: metavalue detected, returning 0
at 516 ns, Instance /main/ALU/ : Warning: NUMERIC_STD.TO_INTEGER: metavalue detected, returning 0
at 519 ns, Instance /main/ALU/ : Warning: NUMERIC_STD.TO_INTEGER: metavalue detected, returning 0
at 522 ns, Instance /main/ALU/ : Warning: NUMERIC_STD.TO_INTEGER: metavalue detected, returning 0
at 525 ns, Instance /main/ALU/ : Warning: NUMERIC_STD.TO_INTEGER: metavalue detected, returning 0
at 528 ns, Instance /main/ALU/ : Warning: NUMERIC_STD.TO_INTEGER: metavalue detected, returning 0
at 531 ns, Instance /main/ALU/ : Warning: NUMERIC_STD.TO_INTEGER: metavalue detected, returning 0
at 534 ns, Instance /main/ALU/ : Warning: NUMERIC_STD.TO_INTEGER: metavalue detected, returning 0
at 537 ns, Instance /main/ALU/ : Warning: NUMERIC_STD.TO_INTEGER: metavalue detected, returning 0
at 540 ns, Instance /main/ALU/ : Warning: NUMERIC_STD.TO_INTEGER: metavalue detected, returning 0
at 543 ns, Instance /main/ALU/ : Warning: NUMERIC_STD.TO_INTEGER: metavalue detected, returning 0
at 546 ns, Instance /main/ALU/ : Warning: NUMERIC_STD.TO_INTEGER: metavalue detected, returning 0
at 549 ns, Instance /main/ALU/ : Warning: NUMERIC_STD.TO_INTEGER: metavalue detected, returning 0
at 552 ns, Instance /main/ALU/ : Warning: NUMERIC_STD.TO_INTEGER: metavalue detected, returning 0
at 555 ns, Instance /main/ALU/ : Warning: NUMERIC_STD.TO_INTEGER: metavalue detected, returning 0
at 558 ns, Instance /main/ALU/ : Warning: NUMERIC_STD.TO_INTEGER: metavalue detected, returning 0
at 561 ns, Instance /main/ALU/ : Warning: NUMERIC_STD.TO_INTEGER: metavalue detected, returning 0
at 564 ns, Instance /main/ALU/ : Warning: NUMERIC_STD.TO_INTEGER: metavalue detected, returning 0
at 567 ns, Instance /main/ALU/ : Warning: NUMERIC_STD.TO_INTEGER: metavalue detected, returning 0
at 570 ns, Instance /main/ALU/ : Warning: NUMERIC_STD.TO_INTEGER: metavalue detected, returning 0
at 573 ns, Instance /main/ALU/ : Warning: NUMERIC_STD.TO_INTEGER: metavalue detected, returning 0
at 576 ns, Instance /main/ALU/ : Warning: NUMERIC_STD.TO_INTEGER: metavalue detected, returning 0
at 579 ns, Instance /main/ALU/ : Warning: NUMERIC_STD.TO_INTEGER: metavalue detected, returning 0
at 582 ns, Instance /main/ALU/ : Warning: NUMERIC_STD.TO_INTEGER: metavalue detected, returning 0
at 585 ns, Instance /main/ALU/ : Warning: NUMERIC_STD.TO_INTEGER: metavalue detected, returning 0
at 588 ns, Instance /main/ALU/ : Warning: NUMERIC_STD.TO_INTEGER: metavalue detected, returning 0
at 591 ns, Instance /main/ALU/ : Warning: NUMERIC_STD.TO_INTEGER: metavalue detected, returning 0
at 594 ns, Instance /main/ALU/ : Warning: NUMERIC_STD.TO_INTEGER: metavalue detected, returning 0
at 597 ns, Instance /main/ALU/ : Warning: NUMERIC_STD.TO_INTEGER: metavalue detected, returning 0
at 600 ns, Instance /main/ALU/ : Warning: NUMERIC_STD.TO_INTEGER: metavalue detected, returning 0
at 603 ns, Instance /main/ALU/ : Warning: NUMERIC_STD.TO_INTEGER: metavalue detected, returning 0
at 606 ns, Instance /main/ALU/ : Warning: NUMERIC_STD.TO_INTEGER: metavalue detected, returning 0
at 609 ns, Instance /main/ALU/ : Warning: NUMERIC_STD.TO_INTEGER: metavalue detected, returning 0
at 612 ns, Instance /main/ALU/ : Warning: NUMERIC_STD.TO_INTEGER: metavalue detected, returning 0
at 615 ns, Instance /main/ALU/ : Warning: NUMERIC_STD.TO_INTEGER: metavalue detected, returning 0
at 618 ns, Instance /main/ALU/ : Warning: NUMERIC_STD.TO_INTEGER: metavalue detected, returning 0
at 621 ns, Instance /main/ALU/ : Warning: NUMERIC_STD.TO_INTEGER: metavalue detected, returning 0
at 624 ns, Instance /main/ALU/ : Warning: NUMERIC_STD.TO_INTEGER: metavalue detected, returning 0
at 627 ns, Instance /main/ALU/ : Warning: NUMERIC_STD.TO_INTEGER: metavalue detected, returning 0
at 630 ns, Instance /main/ALU/ : Warning: NUMERIC_STD.TO_INTEGER: metavalue detected, returning 0
at 633 ns, Instance /main/ALU/ : Warning: NUMERIC_STD.TO_INTEGER: metavalue detected, returning 0
at 636 ns, Instance /main/ALU/ : Warning: NUMERIC_STD.TO_INTEGER: metavalue detected, returning 0
at 639 ns, Instance /main/ALU/ : Warning: NUMERIC_STD.TO_INTEGER: metavalue detected, returning 0
at 642 ns, Instance /main/ALU/ : Warning: NUMERIC_STD.TO_INTEGER: metavalue detected, returning 0
at 645 ns, Instance /main/ALU/ : Warning: NUMERIC_STD.TO_INTEGER: metavalue detected, returning 0
at 648 ns, Instance /main/ALU/ : Warning: NUMERIC_STD.TO_INTEGER: metavalue detected, returning 0
at 651 ns, Instance /main/ALU/ : Warning: NUMERIC_STD.TO_INTEGER: metavalue detected, returning 0
at 654 ns, Instance /main/ALU/ : Warning: NUMERIC_STD.TO_INTEGER: metavalue detected, returning 0
at 657 ns, Instance /main/ALU/ : Warning: NUMERIC_STD.TO_INTEGER: metavalue detected, returning 0
at 660 ns, Instance /main/ALU/ : Warning: NUMERIC_STD.TO_INTEGER: metavalue detected, returning 0
at 663 ns, Instance /main/ALU/ : Warning: NUMERIC_STD.TO_INTEGER: metavalue detected, returning 0
at 666 ns, Instance /main/ALU/ : Warning: NUMERIC_STD.TO_INTEGER: metavalue detected, returning 0
at 669 ns, Instance /main/ALU/ : Warning: NUMERIC_STD.TO_INTEGER: metavalue detected, returning 0
at 672 ns, Instance /main/ALU/ : Warning: NUMERIC_STD.TO_INTEGER: metavalue detected, returning 0
at 675 ns, Instance /main/ALU/ : Warning: NUMERIC_STD.TO_INTEGER: metavalue detected, returning 0
at 678 ns, Instance /main/ALU/ : Warning: NUMERIC_STD.TO_INTEGER: metavalue detected, returning 0
at 681 ns, Instance /main/ALU/ : Warning: NUMERIC_STD.TO_INTEGER: metavalue detected, returning 0
at 684 ns, Instance /main/ALU/ : Warning: NUMERIC_STD.TO_INTEGER: metavalue detected, returning 0
at 687 ns, Instance /main/ALU/ : Warning: NUMERIC_STD.TO_INTEGER: metavalue detected, returning 0
at 690 ns, Instance /main/ALU/ : Warning: NUMERIC_STD.TO_INTEGER: metavalue detected, returning 0
at 693 ns, Instance /main/ALU/ : Warning: NUMERIC_STD.TO_INTEGER: metavalue detected, returning 0
at 696 ns, Instance /main/ALU/ : Warning: NUMERIC_STD.TO_INTEGER: metavalue detected, returning 0
at 699 ns, Instance /main/ALU/ : Warning: NUMERIC_STD.TO_INTEGER: metavalue detected, returning 0
at 702 ns, Instance /main/ALU/ : Warning: NUMERIC_STD.TO_INTEGER: metavalue detected, returning 0
at 705 ns, Instance /main/ALU/ : Warning: NUMERIC_STD.TO_INTEGER: metavalue detected, returning 0
at 708 ns, Instance /main/ALU/ : Warning: NUMERIC_STD.TO_INTEGER: metavalue detected, returning 0
at 711 ns, Instance /main/ALU/ : Warning: NUMERIC_STD.TO_INTEGER: metavalue detected, returning 0
at 714 ns, Instance /main/ALU/ : Warning: NUMERIC_STD.TO_INTEGER: metavalue detected, returning 0
at 717 ns, Instance /main/ALU/ : Warning: NUMERIC_STD.TO_INTEGER: metavalue detected, returning 0
at 720 ns, Instance /main/ALU/ : Warning: NUMERIC_STD.TO_INTEGER: metavalue detected, returning 0
at 723 ns, Instance /main/ALU/ : Warning: NUMERIC_STD.TO_INTEGER: metavalue detected, returning 0
at 726 ns, Instance /main/ALU/ : Warning: NUMERIC_STD.TO_INTEGER: metavalue detected, returning 0
at 729 ns, Instance /main/ALU/ : Warning: NUMERIC_STD.TO_INTEGER: metavalue detected, returning 0
at 732 ns, Instance /main/ALU/ : Warning: NUMERIC_STD.TO_INTEGER: metavalue detected, returning 0
at 735 ns, Instance /main/ALU/ : Warning: NUMERIC_STD.TO_INTEGER: metavalue detected, returning 0
at 738 ns, Instance /main/ALU/ : Warning: NUMERIC_STD.TO_INTEGER: metavalue detected, returning 0
at 741 ns, Instance /main/ALU/ : Warning: NUMERIC_STD.TO_INTEGER: metavalue detected, returning 0
at 744 ns, Instance /main/ALU/ : Warning: NUMERIC_STD.TO_INTEGER: metavalue detected, returning 0
at 747 ns, Instance /main/ALU/ : Warning: NUMERIC_STD.TO_INTEGER: metavalue detected, returning 0
at 750 ns, Instance /main/ALU/ : Warning: NUMERIC_STD.TO_INTEGER: metavalue detected, returning 0
at 753 ns, Instance /main/ALU/ : Warning: NUMERIC_STD.TO_INTEGER: metavalue detected, returning 0
at 756 ns, Instance /main/ALU/ : Warning: NUMERIC_STD.TO_INTEGER: metavalue detected, returning 0
at 759 ns, Instance /main/ALU/ : Warning: NUMERIC_STD.TO_INTEGER: metavalue detected, returning 0
at 762 ns, Instance /main/ALU/ : Warning: NUMERIC_STD.TO_INTEGER: metavalue detected, returning 0
at 765 ns, Instance /main/ALU/ : Warning: NUMERIC_STD.TO_INTEGER: metavalue detected, returning 0
at 768 ns, Instance /main/ALU/ : Warning: NUMERIC_STD.TO_INTEGER: metavalue detected, returning 0
at 771 ns, Instance /main/ALU/ : Warning: NUMERIC_STD.TO_INTEGER: metavalue detected, returning 0
at 774 ns, Instance /main/ALU/ : Warning: NUMERIC_STD.TO_INTEGER: metavalue detected, returning 0
at 777 ns, Instance /main/ALU/ : Warning: NUMERIC_STD.TO_INTEGER: metavalue detected, returning 0
at 780 ns, Instance /main/ALU/ : Warning: NUMERIC_STD.TO_INTEGER: metavalue detected, returning 0
at 783 ns, Instance /main/ALU/ : Warning: NUMERIC_STD.TO_INTEGER: metavalue detected, returning 0
at 786 ns, Instance /main/ALU/ : Warning: NUMERIC_STD.TO_INTEGER: metavalue detected, returning 0
at 789 ns, Instance /main/ALU/ : Warning: NUMERIC_STD.TO_INTEGER: metavalue detected, returning 0
at 792 ns, Instance /main/ALU/ : Warning: NUMERIC_STD.TO_INTEGER: metavalue detected, returning 0
at 795 ns, Instance /main/ALU/ : Warning: NUMERIC_STD.TO_INTEGER: metavalue detected, returning 0
at 798 ns, Instance /main/ALU/ : Warning: NUMERIC_STD.TO_INTEGER: metavalue detected, returning 0
at 801 ns, Instance /main/ALU/ : Warning: NUMERIC_STD.TO_INTEGER: metavalue detected, returning 0
at 804 ns, Instance /main/ALU/ : Warning: NUMERIC_STD.TO_INTEGER: metavalue detected, returning 0
at 807 ns, Instance /main/ALU/ : Warning: NUMERIC_STD.TO_INTEGER: metavalue detected, returning 0
at 810 ns, Instance /main/ALU/ : Warning: NUMERIC_STD.TO_INTEGER: metavalue detected, returning 0
at 813 ns, Instance /main/ALU/ : Warning: NUMERIC_STD.TO_INTEGER: metavalue detected, returning 0
at 816 ns, Instance /main/ALU/ : Warning: NUMERIC_STD.TO_INTEGER: metavalue detected, returning 0
at 819 ns, Instance /main/ALU/ : Warning: NUMERIC_STD.TO_INTEGER: metavalue detected, returning 0
at 822 ns, Instance /main/ALU/ : Warning: NUMERIC_STD.TO_INTEGER: metavalue detected, returning 0
at 825 ns, Instance /main/ALU/ : Warning: NUMERIC_STD.TO_INTEGER: metavalue detected, returning 0
at 828 ns, Instance /main/ALU/ : Warning: NUMERIC_STD.TO_INTEGER: metavalue detected, returning 0
at 831 ns, Instance /main/ALU/ : Warning: NUMERIC_STD.TO_INTEGER: metavalue detected, returning 0
at 834 ns, Instance /main/ALU/ : Warning: NUMERIC_STD.TO_INTEGER: metavalue detected, returning 0
at 837 ns, Instance /main/ALU/ : Warning: NUMERIC_STD.TO_INTEGER: metavalue detected, returning 0
at 840 ns, Instance /main/ALU/ : Warning: NUMERIC_STD.TO_INTEGER: metavalue detected, returning 0
at 843 ns, Instance /main/ALU/ : Warning: NUMERIC_STD.TO_INTEGER: metavalue detected, returning 0
at 846 ns, Instance /main/ALU/ : Warning: NUMERIC_STD.TO_INTEGER: metavalue detected, returning 0
at 849 ns, Instance /main/ALU/ : Warning: NUMERIC_STD.TO_INTEGER: metavalue detected, returning 0
at 852 ns, Instance /main/ALU/ : Warning: NUMERIC_STD.TO_INTEGER: metavalue detected, returning 0
at 855 ns, Instance /main/ALU/ : Warning: NUMERIC_STD.TO_INTEGER: metavalue detected, returning 0
at 858 ns, Instance /main/ALU/ : Warning: NUMERIC_STD.TO_INTEGER: metavalue detected, returning 0
at 861 ns, Instance /main/ALU/ : Warning: NUMERIC_STD.TO_INTEGER: metavalue detected, returning 0
at 864 ns, Instance /main/ALU/ : Warning: NUMERIC_STD.TO_INTEGER: metavalue detected, returning 0
at 867 ns, Instance /main/ALU/ : Warning: NUMERIC_STD.TO_INTEGER: metavalue detected, returning 0
at 870 ns, Instance /main/ALU/ : Warning: NUMERIC_STD.TO_INTEGER: metavalue detected, returning 0
at 873 ns, Instance /main/ALU/ : Warning: NUMERIC_STD.TO_INTEGER: metavalue detected, returning 0
at 876 ns, Instance /main/ALU/ : Warning: NUMERIC_STD.TO_INTEGER: metavalue detected, returning 0
at 879 ns, Instance /main/ALU/ : Warning: NUMERIC_STD.TO_INTEGER: metavalue detected, returning 0
at 882 ns, Instance /main/ALU/ : Warning: NUMERIC_STD.TO_INTEGER: metavalue detected, returning 0
at 885 ns, Instance /main/ALU/ : Warning: NUMERIC_STD.TO_INTEGER: metavalue detected, returning 0
at 888 ns, Instance /main/ALU/ : Warning: NUMERIC_STD.TO_INTEGER: metavalue detected, returning 0
at 891 ns, Instance /main/ALU/ : Warning: NUMERIC_STD.TO_INTEGER: metavalue detected, returning 0
at 894 ns, Instance /main/ALU/ : Warning: NUMERIC_STD.TO_INTEGER: metavalue detected, returning 0
at 897 ns, Instance /main/ALU/ : Warning: NUMERIC_STD.TO_INTEGER: metavalue detected, returning 0
at 900 ns, Instance /main/ALU/ : Warning: NUMERIC_STD.TO_INTEGER: metavalue detected, returning 0
at 903 ns, Instance /main/ALU/ : Warning: NUMERIC_STD.TO_INTEGER: metavalue detected, returning 0
at 906 ns, Instance /main/ALU/ : Warning: NUMERIC_STD.TO_INTEGER: metavalue detected, returning 0
at 909 ns, Instance /main/ALU/ : Warning: NUMERIC_STD.TO_INTEGER: metavalue detected, returning 0
at 912 ns, Instance /main/ALU/ : Warning: NUMERIC_STD.TO_INTEGER: metavalue detected, returning 0
at 915 ns, Instance /main/ALU/ : Warning: NUMERIC_STD.TO_INTEGER: metavalue detected, returning 0
at 918 ns, Instance /main/ALU/ : Warning: NUMERIC_STD.TO_INTEGER: metavalue detected, returning 0
at 921 ns, Instance /main/ALU/ : Warning: NUMERIC_STD.TO_INTEGER: metavalue detected, returning 0
at 924 ns, Instance /main/ALU/ : Warning: NUMERIC_STD.TO_INTEGER: metavalue detected, returning 0
at 927 ns, Instance /main/ALU/ : Warning: NUMERIC_STD.TO_INTEGER: metavalue detected, returning 0
at 930 ns, Instance /main/ALU/ : Warning: NUMERIC_STD.TO_INTEGER: metavalue detected, returning 0
at 933 ns, Instance /main/ALU/ : Warning: NUMERIC_STD.TO_INTEGER: metavalue detected, returning 0
at 936 ns, Instance /main/ALU/ : Warning: NUMERIC_STD.TO_INTEGER: metavalue detected, returning 0
at 939 ns, Instance /main/ALU/ : Warning: NUMERIC_STD.TO_INTEGER: metavalue detected, returning 0
at 942 ns, Instance /main/ALU/ : Warning: NUMERIC_STD.TO_INTEGER: metavalue detected, returning 0
at 945 ns, Instance /main/ALU/ : Warning: NUMERIC_STD.TO_INTEGER: metavalue detected, returning 0
at 948 ns, Instance /main/ALU/ : Warning: NUMERIC_STD.TO_INTEGER: metavalue detected, returning 0
at 951 ns, Instance /main/ALU/ : Warning: NUMERIC_STD.TO_INTEGER: metavalue detected, returning 0
at 954 ns, Instance /main/ALU/ : Warning: NUMERIC_STD.TO_INTEGER: metavalue detected, returning 0
at 957 ns, Instance /main/ALU/ : Warning: NUMERIC_STD.TO_INTEGER: metavalue detected, returning 0
at 960 ns, Instance /main/ALU/ : Warning: NUMERIC_STD.TO_INTEGER: metavalue detected, returning 0
at 963 ns, Instance /main/ALU/ : Warning: NUMERIC_STD.TO_INTEGER: metavalue detected, returning 0
at 966 ns, Instance /main/ALU/ : Warning: NUMERIC_STD.TO_INTEGER: metavalue detected, returning 0
at 969 ns, Instance /main/ALU/ : Warning: NUMERIC_STD.TO_INTEGER: metavalue detected, returning 0
at 972 ns, Instance /main/ALU/ : Warning: NUMERIC_STD.TO_INTEGER: metavalue detected, returning 0
at 975 ns, Instance /main/ALU/ : Warning: NUMERIC_STD.TO_INTEGER: metavalue detected, returning 0
at 978 ns, Instance /main/ALU/ : Warning: NUMERIC_STD.TO_INTEGER: metavalue detected, returning 0
at 981 ns, Instance /main/ALU/ : Warning: NUMERIC_STD.TO_INTEGER: metavalue detected, returning 0
at 984 ns, Instance /main/ALU/ : Warning: NUMERIC_STD.TO_INTEGER: metavalue detected, returning 0
at 987 ns, Instance /main/ALU/ : Warning: NUMERIC_STD.TO_INTEGER: metavalue detected, returning 0
at 990 ns, Instance /main/ALU/ : Warning: NUMERIC_STD.TO_INTEGER: metavalue detected, returning 0
at 993 ns, Instance /main/ALU/ : Warning: NUMERIC_STD.TO_INTEGER: metavalue detected, returning 0
at 996 ns, Instance /main/ALU/ : Warning: NUMERIC_STD.TO_INTEGER: metavalue detected, returning 0
at 999 ns, Instance /main/ALU/ : Warning: NUMERIC_STD.TO_INTEGER: metavalue detected, returning 0
